<?xml version="1.0" encoding="UTF-8"?>
<testsuite name="pl.edu.agh.cs.app.simulation.utils.MapOrientationTest" tests="4" skipped="0" failures="0" errors="0" timestamp="2020-12-21T11:52:48" hostname="NH5-NH7" time="0.002">
  <properties/>
  <testcase name="rotate()" classname="pl.edu.agh.cs.app.simulation.utils.MapOrientationTest" time="0.0"/>
  <testcase name="toUnitVector()" classname="pl.edu.agh.cs.app.simulation.utils.MapOrientationTest" time="0.001"/>
  <testcase name="toInteger()" classname="pl.edu.agh.cs.app.simulation.utils.MapOrientationTest" time="0.0"/>
  <testcase name="fromInteger()" classname="pl.edu.agh.cs.app.simulation.utils.MapOrientationTest" time="0.0"/>
  <system-out><![CDATA[]]></system-out>
  <system-err><![CDATA[]]></system-err>
</testsuite>
