<?xml version="1.0" encoding="UTF-8"?>
<testsuite name="pl.edu.agh.cs.app.simulation.maps.JungleMapTest" tests="9" skipped="0" failures="0" errors="0" timestamp="2020-12-12T13:16:43" hostname="NH5-NH7" time="0.041">
  <properties/>
  <testcase name="eatTest()" classname="pl.edu.agh.cs.app.simulation.maps.JungleMapTest" time="0.02"/>
  <testcase name="starveTest()" classname="pl.edu.agh.cs.app.simulation.maps.JungleMapTest" time="0.001"/>
  <testcase name="emptyCellsTest()" classname="pl.edu.agh.cs.app.simulation.maps.JungleMapTest" time="0.005"/>
  <testcase name="energyReductionByMovesTest()" classname="pl.edu.agh.cs.app.simulation.maps.JungleMapTest" time="0.0"/>
  <testcase name="feedTest()" classname="pl.edu.agh.cs.app.simulation.maps.JungleMapTest" time="0.006"/>
  <testcase name="breedPairTest()" classname="pl.edu.agh.cs.app.simulation.maps.JungleMapTest" time="0.001"/>
  <testcase name="freeNeighbourCellTest()" classname="pl.edu.agh.cs.app.simulation.maps.JungleMapTest" time="0.001"/>
  <testcase name="movedTest()" classname="pl.edu.agh.cs.app.simulation.maps.JungleMapTest" time="0.001"/>
  <testcase name="placeTest()" classname="pl.edu.agh.cs.app.simulation.maps.JungleMapTest" time="0.0"/>
  <system-out><![CDATA[]]></system-out>
  <system-err><![CDATA[]]></system-err>
</testsuite>
