<?xml version="1.0" encoding="UTF-8"?>
<testsuite name="pl.edu.agh.cs.app.simulation.maps.JungleMapTest" tests="11" skipped="0" failures="0" errors="0" timestamp="2020-12-18T22:35:00" hostname="NH5-NH7" time="0.654">
  <properties/>
  <testcase name="eatTest()" classname="pl.edu.agh.cs.app.simulation.maps.JungleMapTest" time="0.274"/>
  <testcase name="starveTest()" classname="pl.edu.agh.cs.app.simulation.maps.JungleMapTest" time="0.018"/>
  <testcase name="emptyCellsTest()" classname="pl.edu.agh.cs.app.simulation.maps.JungleMapTest" time="0.022"/>
  <testcase name="childMovingTest()" classname="pl.edu.agh.cs.app.simulation.maps.JungleMapTest" time="0.052"/>
  <testcase name="energyReductionByMovesTest()" classname="pl.edu.agh.cs.app.simulation.maps.JungleMapTest" time="0.005"/>
  <testcase name="feedTest()" classname="pl.edu.agh.cs.app.simulation.maps.JungleMapTest" time="0.052"/>
  <testcase name="breedPairTest()" classname="pl.edu.agh.cs.app.simulation.maps.JungleMapTest" time="0.014"/>
  <testcase name="freeNeighbourCellTest()" classname="pl.edu.agh.cs.app.simulation.maps.JungleMapTest" time="0.036"/>
  <testcase name="movedTest()" classname="pl.edu.agh.cs.app.simulation.maps.JungleMapTest" time="0.009"/>
  <testcase name="bringTogetherTest()" classname="pl.edu.agh.cs.app.simulation.maps.JungleMapTest" time="0.156"/>
  <testcase name="placeTest()" classname="pl.edu.agh.cs.app.simulation.maps.JungleMapTest" time="0.011"/>
  <system-out><![CDATA[]]></system-out>
  <system-err><![CDATA[]]></system-err>
</testsuite>
