<?xml version="1.0" encoding="UTF-8"?>
<testsuite name="pl.edu.agh.cs.app.simulation.geometry.Vector2dEuclTest" tests="8" skipped="0" failures="0" errors="0" timestamp="2020-12-18T22:35:00" hostname="NH5-NH7" time="0.012">
  <properties/>
  <testcase name="subtract()" classname="pl.edu.agh.cs.app.simulation.geometry.Vector2dEuclTest" time="0.001"/>
  <testcase name="upperRight()" classname="pl.edu.agh.cs.app.simulation.geometry.Vector2dEuclTest" time="0.001"/>
  <testcase name="precedes()" classname="pl.edu.agh.cs.app.simulation.geometry.Vector2dEuclTest" time="0.0"/>
  <testcase name="follows()" classname="pl.edu.agh.cs.app.simulation.geometry.Vector2dEuclTest" time="0.001"/>
  <testcase name="lowerLeft()" classname="pl.edu.agh.cs.app.simulation.geometry.Vector2dEuclTest" time="0.001"/>
  <testcase name="opposite()" classname="pl.edu.agh.cs.app.simulation.geometry.Vector2dEuclTest" time="0.001"/>
  <testcase name="add()" classname="pl.edu.agh.cs.app.simulation.geometry.Vector2dEuclTest" time="0.0"/>
  <testcase name="testEquals()" classname="pl.edu.agh.cs.app.simulation.geometry.Vector2dEuclTest" time="0.001"/>
  <system-out><![CDATA[]]></system-out>
  <system-err><![CDATA[]]></system-err>
</testsuite>
