<?xml version="1.0" encoding="UTF-8"?>
<testsuite name="pl.edu.agh.cs.app.simulation.geometry.Vector2dBoundTest" tests="8" skipped="0" failures="0" errors="0" timestamp="2020-12-21T11:52:47" hostname="NH5-NH7" time="0.011">
  <properties/>
  <testcase name="subtract()" classname="pl.edu.agh.cs.app.simulation.geometry.Vector2dBoundTest" time="0.002"/>
  <testcase name="upperRight()" classname="pl.edu.agh.cs.app.simulation.geometry.Vector2dBoundTest" time="0.001"/>
  <testcase name="precedes()" classname="pl.edu.agh.cs.app.simulation.geometry.Vector2dBoundTest" time="0.001"/>
  <testcase name="follows()" classname="pl.edu.agh.cs.app.simulation.geometry.Vector2dBoundTest" time="0.001"/>
  <testcase name="lowerLeft()" classname="pl.edu.agh.cs.app.simulation.geometry.Vector2dBoundTest" time="0.001"/>
  <testcase name="opposite()" classname="pl.edu.agh.cs.app.simulation.geometry.Vector2dBoundTest" time="0.001"/>
  <testcase name="add()" classname="pl.edu.agh.cs.app.simulation.geometry.Vector2dBoundTest" time="0.001"/>
  <testcase name="testEquals()" classname="pl.edu.agh.cs.app.simulation.geometry.Vector2dBoundTest" time="0.001"/>
  <system-out><![CDATA[]]></system-out>
  <system-err><![CDATA[]]></system-err>
</testsuite>
