<?xml version="1.0" encoding="UTF-8"?>
<testsuite name="pl.edu.agh.cs.app.simulation.maps.JungleMapTest" tests="1" skipped="0" failures="0" errors="0" timestamp="2020-12-15T11:18:54" hostname="NH5-NH7" time="0.477">
  <properties/>
  <testcase name="childMovingTest()" classname="pl.edu.agh.cs.app.simulation.maps.JungleMapTest" time="0.477"/>
  <system-out><![CDATA[]]></system-out>
  <system-err><![CDATA[]]></system-err>
</testsuite>
