<?xml version="1.0" encoding="UTF-8"?>
<testsuite name="pl.edu.agh.cs.app.simulation.data.GenotypeTest" tests="1" skipped="0" failures="0" errors="0" timestamp="2020-12-18T22:35:00" hostname="NH5-NH7" time="0.015">
  <properties/>
  <testcase name="representationTest()" classname="pl.edu.agh.cs.app.simulation.data.GenotypeTest" time="0.015"/>
  <system-out><![CDATA[]]></system-out>
  <system-err><![CDATA[]]></system-err>
</testsuite>
